Using pre-set license
Built from '2020.3/staging' branch; Version is '2020.3.47f1 (5ef4f5b5e2d4) revision 6223093'; Using compiler version '192528614'; Build Type 'Release'
OS: 'Windows 11  (10.0.22000) 64bit Core' Language: 'en' Physical Memory: 3907 MB
BatchMode: 1, IsHumanControllingUs: 0, StartBugReporterOnCrash: 0, Is64bit: 1, IsPro: 0

COMMAND LINE ARGUMENTS:
C:\Program Files\Unity\Hub\Editor\2020.3.47f1\Editor\Unity.exe
-adb2
-batchMode
-noUpm
-name
AssetImportWorker0
-projectPath
C:/Users/Kaylerr/Documents/Desktop/Boxfight - Take 2
-logFile
Logs/AssetImportWorker0.log
-srvPort
11560
Successfully changed project path to: C:/Users/Kaylerr/Documents/Desktop/Boxfight - Take 2
C:/Users/Kaylerr/Documents/Desktop/Boxfight - Take 2
Using Asset Import Pipeline V2.
Player connection [8232] Host "[IP] 192.168.0.20 [Port] 73 [Flags] 2 [Guid] 422962798 [EditorId] 422962798 [Version] 1048832 [Id] WindowsEditor(7,LAPTOP-LD6B7HIQ) [Debug] 1 [PackageName] WindowsEditor [ProjectName] Editor" joined multi-casting on [225.0.0.222:54997]...

Player connection [8232] Host "[IP] 192.168.0.20 [Port] 73 [Flags] 2 [Guid] 422962798 [EditorId] 422962798 [Version] 1048832 [Id] WindowsEditor(7,LAPTOP-LD6B7HIQ) [Debug] 1 [PackageName] WindowsEditor [ProjectName] Editor" joined alternative multi-casting on [225.0.0.222:34997]...

Refreshing native plugins compatible for Editor in 377.05 ms, found 3 plugins.
Preloading 0 native plugins for Editor in 0.00 ms.
Initialize engine version: 2020.3.47f1 (5ef4f5b5e2d4)
[Subsystems] Discovering subsystems at path C:/Program Files/Unity/Hub/Editor/2020.3.47f1/Editor/Data/Resources/UnitySubsystems
[Subsystems] Discovering subsystems at path C:/Users/Kaylerr/Documents/Desktop/Boxfight - Take 2/Assets
GfxDevice: creating device client; threaded=0
Direct3D:
    Version:  Direct3D 11.0 [level 11.1]
    Renderer: Intel(R) UHD Graphics 610 (ID=0x3ea1)
    Vendor:   
    VRAM:     1953 MB
    Driver:   26.20.100.7926
Initialize mono
Mono path[0] = 'C:/Program Files/Unity/Hub/Editor/2020.3.47f1/Editor/Data/Managed'
Mono path[1] = 'C:/Program Files/Unity/Hub/Editor/2020.3.47f1/Editor/Data/MonoBleedingEdge/lib/mono/unityjit'
Mono config path = 'C:/Program Files/Unity/Hub/Editor/2020.3.47f1/Editor/Data/MonoBleedingEdge/etc'
Using monoOptions --debugger-agent=transport=dt_socket,embedding=1,server=y,suspend=n,address=127.0.0.1:56228
Begin MonoManager ReloadAssembly
Registering precompiled unity dll's ...
Register platform support module: C:/Program Files/Unity/Hub/Editor/2020.3.47f1/Editor/Data/PlaybackEngines/WindowsStandaloneSupport/UnityEditor.WindowsStandalone.Extensions.dll
Registered in 0.009070 seconds.
Native extension for WindowsStandalone target not found
Refreshing native plugins compatible for Editor in 96.87 ms, found 3 plugins.
Preloading 0 native plugins for Editor in 0.00 ms.
Mono: successfully reloaded assembly
- Completed reload, in  2.416 seconds
Domain Reload Profiling:
	ReloadAssembly (2417ms)
		BeginReloadAssembly (385ms)
			ExecutionOrderSort (0ms)
			DisableScriptedObjects (0ms)
			BackupInstance (0ms)
			ReleaseScriptingObjects (0ms)
			CreateAndSetChildDomain (4ms)
		EndReloadAssembly (1467ms)
			LoadAssemblies (377ms)
			RebuildTransferFunctionScriptingTraits (2ms)
			SetupTypeCache (468ms)
			ReleaseScriptCaches (0ms)
			RebuildScriptCaches (99ms)
			SetupLoadedEditorAssemblies (520ms)
				LogAssemblyErrors (0ms)
				InitializePlatformSupportModulesInManaged (40ms)
				SetLoadedEditorAssemblies (0ms)
				RefreshPlugins (97ms)
				BeforeProcessingInitializeOnLoad (60ms)
				ProcessInitializeOnLoadAttributes (245ms)
				ProcessInitializeOnLoadMethodAttributes (78ms)
				AfterProcessingInitializeOnLoad (0ms)
				EditorAssembliesLoaded (1ms)
			ExecutionOrderSort2 (0ms)
			AwakeInstancesAfterBackupRestoration (0ms)
Platform modules already initialized, skipping
Registering precompiled user dll's ...
Registered in 0.053689 seconds.
Begin MonoManager ReloadAssembly
Native extension for WindowsStandalone target not found
Refreshing native plugins compatible for Editor in 90.58 ms, found 3 plugins.
Preloading 0 native plugins for Editor in 0.00 ms.
Mono: successfully reloaded assembly
- Completed reload, in  4.907 seconds
Domain Reload Profiling:
	ReloadAssembly (4908ms)
		BeginReloadAssembly (480ms)
			ExecutionOrderSort (0ms)
			DisableScriptedObjects (15ms)
			BackupInstance (0ms)
			ReleaseScriptingObjects (1ms)
			CreateAndSetChildDomain (42ms)
		EndReloadAssembly (4254ms)
			LoadAssemblies (430ms)
			RebuildTransferFunctionScriptingTraits (0ms)
			SetupTypeCache (2641ms)
			ReleaseScriptCaches (1ms)
			RebuildScriptCaches (94ms)
			SetupLoadedEditorAssemblies (994ms)
				LogAssemblyErrors (0ms)
				InitializePlatformSupportModulesInManaged (7ms)
				SetLoadedEditorAssemblies (0ms)
				RefreshPlugins (91ms)
				BeforeProcessingInitializeOnLoad (155ms)
				ProcessInitializeOnLoadAttributes (679ms)
				ProcessInitializeOnLoadMethodAttributes (24ms)
				AfterProcessingInitializeOnLoad (38ms)
				EditorAssembliesLoaded (1ms)
			ExecutionOrderSort2 (0ms)
			AwakeInstancesAfterBackupRestoration (8ms)
Platform modules already initialized, skipping
========================================================================
Worker process is ready to serve import requests
Launched and connected shader compiler UnityShaderCompiler.exe after 0.16 seconds
Refreshing native plugins compatible for Editor in 0.92 ms, found 3 plugins.
Preloading 0 native plugins for Editor in 0.00 ms.
Unloading 1571 Unused Serialized files (Serialized files now loaded: 0)
System memory in use before: 156.0 MB.
System memory in use after: 156.1 MB.

Unloading 43 unused Assets to reduce memory usage. Loaded Objects now: 2035.
Total: 32.402100 ms (FindLiveObjects: 0.821600 ms CreateObjectMapping: 0.458800 ms MarkObjects: 28.901400 ms  DeleteObjects: 2.169800 ms)

AssetImportParameters requested are different than current active one (requested -> active):
  custom:framework-win-MediaFoundation: 216162199b28c13a410421893ffa2e32 -> 
  custom:video-decoder-ogg-theora: a1e56fd34408186e4bbccfd4996cb3dc -> 
  custom:container-muxer-webm: aa71ff27fc2769a1b78a27578f13a17b -> 
  custom:container-demuxer-webm: 4f35f7cbe854078d1ac9338744f61a02 -> 
  custom:container-demuxer-ogg: 62fdf1f143b41e24485cea50d1cbac27 -> 
  custom:video-encoder-webm-vp8: eb34c28f22e8b96e1ab97ce403110664 -> 
  custom:video-decoder-webm-vp8: 9c59270c3fd7afecdb556c50c9e8de78 -> 
  custom:audio-decoder-ogg-vorbis: bf7c407c2cedff20999df2af8eb42d56 -> 
  custom:audio-encoder-webm-vorbis: bf7c407c2cedff20999df2af8eb42d56 -> 
========================================================================
Received Import Request.
  path: Assets/Photon/Fusion/Scripts/Prototyping/Materials/FusionPrototypeMaterialRed.mat
  artifactKey: Guid(42b24d338df372049a18bd257e6bc550) Importer(815301076,1909f56bfc062723c751e8b465ee728b)
Start importing Assets/Photon/Fusion/Scripts/Prototyping/Materials/FusionPrototypeMaterialRed.mat using Guid(42b24d338df372049a18bd257e6bc550) Importer(815301076,1909f56bfc062723c751e8b465ee728b)  -> (artifact id: 'f2544ec84eb76eb4a031ff55618e595c') in 1.276044 seconds 
========================================================================
Received Import Request.
  Time since last request: 0.270507 seconds.
  path: Assets/Photon/Fusion/Scripts/Prototyping/Materials/FusionPrototypeMaterialBlue.mat
  artifactKey: Guid(1e79a222d16731a4e96e7360bf14bdfd) Importer(815301076,1909f56bfc062723c751e8b465ee728b)
Start importing Assets/Photon/Fusion/Scripts/Prototyping/Materials/FusionPrototypeMaterialBlue.mat using Guid(1e79a222d16731a4e96e7360bf14bdfd) Importer(815301076,1909f56bfc062723c751e8b465ee728b)  -> (artifact id: '2aa70c6b437e0867f249f70330acb667') in 0.096144 seconds 
========================================================================
Received Import Request.
  Time since last request: 0.000482 seconds.
  path: Assets/Scripts/NetworkCharacterControllerPrototype1.cs
  artifactKey: Guid(af735741c98d41540b0dba42e8ab5e33) Importer(815301076,1909f56bfc062723c751e8b465ee728b)
Start importing Assets/Scripts/NetworkCharacterControllerPrototype1.cs using Guid(af735741c98d41540b0dba42e8ab5e33) Importer(815301076,1909f56bfc062723c751e8b465ee728b)  -> (artifact id: '06a4beb25d5ab99d27015df27ff66fb2') in 0.050122 seconds 
========================================================================
Received Import Request.
  Time since last request: 0.001435 seconds.
  path: Assets/Photon/Fusion/Scripts/Prototyping/Materials/FusionPrototypeMaterialCyan.mat
  artifactKey: Guid(1ed66b76f883f11419ff9b35e5f31616) Importer(815301076,1909f56bfc062723c751e8b465ee728b)
Start importing Assets/Photon/Fusion/Scripts/Prototyping/Materials/FusionPrototypeMaterialCyan.mat using Guid(1ed66b76f883f11419ff9b35e5f31616) Importer(815301076,1909f56bfc062723c751e8b465ee728b)  -> (artifact id: 'da2767e5990162201a84336da46de1c8') in 0.049311 seconds 
========================================================================
Received Import Request.
  Time since last request: 0.002182 seconds.
  path: Assets/Photon/Fusion/Scripts/Prototyping/Materials/FusionPrototypePhysicsMaterial2D.physicsMaterial2D
  artifactKey: Guid(46bf9225396fb7546bf2ff74e5a4cf9d) Importer(815301076,1909f56bfc062723c751e8b465ee728b)
Start importing Assets/Photon/Fusion/Scripts/Prototyping/Materials/FusionPrototypePhysicsMaterial2D.physicsMaterial2D using Guid(46bf9225396fb7546bf2ff74e5a4cf9d) Importer(815301076,1909f56bfc062723c751e8b465ee728b)  -> (artifact id: 'e873dfcbdfa5adb6edc2ae2a49da70af') in 0.076698 seconds 
========================================================================
Received Import Request.
  Time since last request: 0.000433 seconds.
  path: Assets/Photon/Fusion/Scripts/Prototyping/Prefabs/PlayerBallPrototype.prefab
  artifactKey: Guid(6eca58070665ea64797a9b124cb6ab03) Importer(815301076,1909f56bfc062723c751e8b465ee728b)
Start importing Assets/Photon/Fusion/Scripts/Prototyping/Prefabs/PlayerBallPrototype.prefab using Guid(6eca58070665ea64797a9b124cb6ab03) Importer(815301076,1909f56bfc062723c751e8b465ee728b)  -> (artifact id: 'e87e0dd8c3fdfd39f8e1b0506ceeae39') in 0.141608 seconds 
========================================================================
Received Import Request.
  Time since last request: 0.000712 seconds.
  path: Assets/Photon/Fusion/Scripts/Prototyping/Prefabs/PlayerPrototype.prefab
  artifactKey: Guid(e4df49d0bf125a740a2c14ab6e887572) Importer(815301076,1909f56bfc062723c751e8b465ee728b)
Start importing Assets/Photon/Fusion/Scripts/Prototyping/Prefabs/PlayerPrototype.prefab using Guid(e4df49d0bf125a740a2c14ab6e887572) Importer(815301076,1909f56bfc062723c751e8b465ee728b)  -> (artifact id: 'e2ac7aca2107380f358bde870ef8ef99') in 0.140875 seconds 
========================================================================
Received Import Request.
  Time since last request: 0.000477 seconds.
  path: Assets/Photon/Fusion/Scripts/Prototyping/Prefabs/PlayerTransformPrototype.prefab
  artifactKey: Guid(3251faa3ac8a66642bf6f9e8433499da) Importer(815301076,1909f56bfc062723c751e8b465ee728b)
Start importing Assets/Photon/Fusion/Scripts/Prototyping/Prefabs/PlayerTransformPrototype.prefab using Guid(3251faa3ac8a66642bf6f9e8433499da) Importer(815301076,1909f56bfc062723c751e8b465ee728b)  -> (artifact id: '052dec8691950b059a66505db430230f') in 0.135379 seconds 
========================================================================
Received Import Request.
  Time since last request: 0.000727 seconds.
  path: Assets/Photon/Fusion/Scripts/Prototyping/Prefabs/PlayerRB2DPrototype.prefab
  artifactKey: Guid(dbc9b57ea26fbf84b8cc14b0882fe89b) Importer(815301076,1909f56bfc062723c751e8b465ee728b)
Start importing Assets/Photon/Fusion/Scripts/Prototyping/Prefabs/PlayerRB2DPrototype.prefab using Guid(dbc9b57ea26fbf84b8cc14b0882fe89b) Importer(815301076,1909f56bfc062723c751e8b465ee728b)  -> (artifact id: 'f6d94fcfd346c25b5f15f13e2589ef18') in 0.128041 seconds 
========================================================================
Received Import Request.
  Time since last request: 0.000377 seconds.
  path: Assets/Photon/Fusion/Scripts/Prototyping/Materials/FusionPrototypeMaterialGreen.mat
  artifactKey: Guid(8f9372f58500a3f46ba541ea24e6d105) Importer(815301076,1909f56bfc062723c751e8b465ee728b)
Start importing Assets/Photon/Fusion/Scripts/Prototyping/Materials/FusionPrototypeMaterialGreen.mat using Guid(8f9372f58500a3f46ba541ea24e6d105) Importer(815301076,1909f56bfc062723c751e8b465ee728b)  -> (artifact id: 'd24ff8ff9385363972934a8e0ad6785e') in 0.082373 seconds 
========================================================================
Received Import Request.
  Time since last request: 0.000756 seconds.
  path: Assets/Photon/Fusion/Scripts/Prototyping/Materials/FusionPrototypeMaterialYellow.mat
  artifactKey: Guid(37cb86b5e2e83fb47a760ff23a51aff6) Importer(815301076,1909f56bfc062723c751e8b465ee728b)
Start importing Assets/Photon/Fusion/Scripts/Prototyping/Materials/FusionPrototypeMaterialYellow.mat using Guid(37cb86b5e2e83fb47a760ff23a51aff6) Importer(815301076,1909f56bfc062723c751e8b465ee728b)  -> (artifact id: 'a36f273ea50a5b400c4a9af015a0a7c9') in 0.218636 seconds 
========================================================================
Received Import Request.
  Time since last request: 0.078411 seconds.
  path: Assets/Photon/Fusion/Scripts/Prototyping/Materials/FusionPrototypeWhitePixel.png
  artifactKey: Guid(5422498f780e1364b9989ffa3292a010) Importer(815301076,1909f56bfc062723c751e8b465ee728b)
Start importing Assets/Photon/Fusion/Scripts/Prototyping/Materials/FusionPrototypeWhitePixel.png using Guid(5422498f780e1364b9989ffa3292a010) Importer(815301076,1909f56bfc062723c751e8b465ee728b)  -> (artifact id: 'ae492db6cb64be414ce5a9c8831c2ad7') in 0.249699 seconds 
========================================================================
Received Import Request.
  Time since last request: 0.000800 seconds.
  path: Assets/Photon/Fusion/Scripts/Prototyping/Materials/FusionPrototypeMaterialBox.mat
  artifactKey: Guid(2544ff8e0cb0b4649ad11a93d3259ffa) Importer(815301076,1909f56bfc062723c751e8b465ee728b)
Start importing Assets/Photon/Fusion/Scripts/Prototyping/Materials/FusionPrototypeMaterialBox.mat using Guid(2544ff8e0cb0b4649ad11a93d3259ffa) Importer(815301076,1909f56bfc062723c751e8b465ee728b)  -> (artifact id: '28f2e281be5eae3734a13330677d04df') in 0.066338 seconds 
========================================================================
Received Import Request.
  Time since last request: 0.000388 seconds.
  path: Assets/Photon/Fusion/Scripts/Prototyping/Materials/FusionPrototypeMaterialFloor.mat
  artifactKey: Guid(002db72054162e04b917e86a395e0a0f) Importer(815301076,1909f56bfc062723c751e8b465ee728b)
Start importing Assets/Photon/Fusion/Scripts/Prototyping/Materials/FusionPrototypeMaterialFloor.mat using Guid(002db72054162e04b917e86a395e0a0f) Importer(815301076,1909f56bfc062723c751e8b465ee728b)  -> (artifact id: '61878559231bf7e520af4013f911d73b') in 0.087889 seconds 
========================================================================
Received Import Request.
  Time since last request: 0.000460 seconds.
  path: Assets/Photon/Fusion/Scripts/Prototyping/Prefabs/Ground2DPrototype.prefab
  artifactKey: Guid(5998d41545749df4f82cfabc16cdd7a0) Importer(815301076,1909f56bfc062723c751e8b465ee728b)
Start importing Assets/Photon/Fusion/Scripts/Prototyping/Prefabs/Ground2DPrototype.prefab using Guid(5998d41545749df4f82cfabc16cdd7a0) Importer(815301076,1909f56bfc062723c751e8b465ee728b)  -> (artifact id: '2a1aa0a184a8fb856f8a3052bb3ffc5c') in 0.056140 seconds 
========================================================================
Received Import Request.
  Time since last request: 8.657831 seconds.
  path: Assets/Scripts/Client/NetworkedController.cs
  artifactKey: Guid(af735741c98d41540b0dba42e8ab5e33) Importer(815301076,1909f56bfc062723c751e8b465ee728b)
Start importing Assets/Scripts/Client/NetworkedController.cs using Guid(af735741c98d41540b0dba42e8ab5e33) Importer(815301076,1909f56bfc062723c751e8b465ee728b)  -> (artifact id: 'a4224df7357ec2a07bccd03ee3192f86') in 0.032019 seconds 
========================================================================
Received Import Request.
  Time since last request: 0.903483 seconds.
  path: Assets/Scripts/Client/BoxfightController.cs
  artifactKey: Guid(b864390b991182746986f8e6ae73224e) Importer(815301076,1909f56bfc062723c751e8b465ee728b)
Start importing Assets/Scripts/Client/BoxfightController.cs using Guid(b864390b991182746986f8e6ae73224e) Importer(815301076,1909f56bfc062723c751e8b465ee728b)  -> (artifact id: '5924109fbd96cf01a1b8f8a32f9f7604') in 0.174200 seconds 
========================================================================
Received Import Request.
  Time since last request: 0.107523 seconds.
  path: Assets/Scripts/Client/GunController.cs
  artifactKey: Guid(bf0a4026da1103342ba847ede82bae0e) Importer(815301076,1909f56bfc062723c751e8b465ee728b)
Start importing Assets/Scripts/Client/GunController.cs using Guid(bf0a4026da1103342ba847ede82bae0e) Importer(815301076,1909f56bfc062723c751e8b465ee728b)  -> (artifact id: '9a494944bff864ea2a27addd6b103dc6') in 0.032534 seconds 
========================================================================
Received Import Request.
  Time since last request: 0.161274 seconds.
  path: Assets/Scripts/Client/BulletController.cs
  artifactKey: Guid(17545e69316d2a642a86735b176b8c31) Importer(815301076,1909f56bfc062723c751e8b465ee728b)
Start importing Assets/Scripts/Client/BulletController.cs using Guid(17545e69316d2a642a86735b176b8c31) Importer(815301076,1909f56bfc062723c751e8b465ee728b)  -> (artifact id: '8b00cdaf1cf100a4fac3dc2552536b75') in 0.009355 seconds 
========================================================================
Received Import Request.
  Time since last request: 979.979709 seconds.
  path: Assets/Prefabs/Client/Player.prefab
  artifactKey: Guid(7fd1f248fa4a89147af17b21953ee76f) Importer(815301076,1909f56bfc062723c751e8b465ee728b)
Start importing Assets/Prefabs/Client/Player.prefab using Guid(7fd1f248fa4a89147af17b21953ee76f) Importer(815301076,1909f56bfc062723c751e8b465ee728b)  -> (artifact id: '3bb4cde4b1b21631f1b4abd34cc6b8ca') in 4.117441 seconds 
========================================================================
Received Import Request.
  Time since last request: 0.001604 seconds.
  path: Assets/Prefabs/Client/UnNetworkedPlayer.prefab
  artifactKey: Guid(5274bdd36f138d34da42ec469f91eff8) Importer(815301076,1909f56bfc062723c751e8b465ee728b)
Start importing Assets/Prefabs/Client/UnNetworkedPlayer.prefab using Guid(5274bdd36f138d34da42ec469f91eff8) Importer(815301076,1909f56bfc062723c751e8b465ee728b)  -> (artifact id: '0f7c5c9f0203a3544f0456eab1d884bb') in 0.391952 seconds 
========================================================================
Received Prepare
Registering precompiled user dll's ...
Registered in 0.217806 seconds.
Begin MonoManager ReloadAssembly
Native extension for WindowsStandalone target not found
Refreshing native plugins compatible for Editor in 1.19 ms, found 3 plugins.
Preloading 0 native plugins for Editor in 0.00 ms.
Mono: successfully reloaded assembly
- Completed reload, in  8.636 seconds
Domain Reload Profiling:
	ReloadAssembly (8676ms)
		BeginReloadAssembly (2272ms)
			ExecutionOrderSort (1ms)
			DisableScriptedObjects (217ms)
			BackupInstance (0ms)
			ReleaseScriptingObjects (5ms)
			CreateAndSetChildDomain (1213ms)
		EndReloadAssembly (5917ms)
			LoadAssemblies (2293ms)
			RebuildTransferFunctionScriptingTraits (2ms)
			SetupTypeCache (2286ms)
			ReleaseScriptCaches (3ms)
			RebuildScriptCaches (143ms)
			SetupLoadedEditorAssemblies (1092ms)
				LogAssemblyErrors (0ms)
				InitializePlatformSupportModulesInManaged (18ms)
				SetLoadedEditorAssemblies (3ms)
				RefreshPlugins (1ms)
				BeforeProcessingInitializeOnLoad (327ms)
				ProcessInitializeOnLoadAttributes (705ms)
				ProcessInitializeOnLoadMethodAttributes (28ms)
				AfterProcessingInitializeOnLoad (9ms)
				EditorAssembliesLoaded (1ms)
			ExecutionOrderSort2 (0ms)
			AwakeInstancesAfterBackupRestoration (4ms)
Platform modules already initialized, skipping
Refreshing native plugins compatible for Editor in 1.29 ms, found 3 plugins.
Preloading 0 native plugins for Editor in 0.00 ms.
Unloading 1519 Unused Serialized files (Serialized files now loaded: 0)
System memory in use before: 155.1 MB.
System memory in use after: 155.2 MB.

Unloading 41 unused Assets to reduce memory usage. Loaded Objects now: 2088.
Total: 27.684500 ms (FindLiveObjects: 0.605200 ms CreateObjectMapping: 0.332800 ms MarkObjects: 25.646100 ms  DeleteObjects: 0.781900 ms)

AssetImportParameters requested are different than current active one (requested -> active):
  custom:framework-win-MediaFoundation: 216162199b28c13a410421893ffa2e32 -> 
  custom:video-decoder-ogg-theora: a1e56fd34408186e4bbccfd4996cb3dc -> 
  custom:container-muxer-webm: aa71ff27fc2769a1b78a27578f13a17b -> 
  custom:container-demuxer-webm: 4f35f7cbe854078d1ac9338744f61a02 -> 
  custom:container-demuxer-ogg: 62fdf1f143b41e24485cea50d1cbac27 -> 
  custom:video-encoder-webm-vp8: eb34c28f22e8b96e1ab97ce403110664 -> 
  custom:video-decoder-webm-vp8: 9c59270c3fd7afecdb556c50c9e8de78 -> 
  custom:audio-decoder-ogg-vorbis: bf7c407c2cedff20999df2af8eb42d56 -> 
  custom:audio-encoder-webm-vorbis: bf7c407c2cedff20999df2af8eb42d56 -> 
